c:\documents and settings\administrator\my documents\visual studio 2010\projects\bgi\debug\vc100.pdb
c:\documents and settings\administrator\my documents\visual studio 2010\projects\bgi\debug\bgiout.obj
c:\documents and settings\administrator\my documents\visual studio 2010\projects\bgi\debug\winthread.obj
c:\documents and settings\administrator\my documents\visual studio 2010\projects\bgi\debug\bgi.obj
c:\documents and settings\administrator\my documents\visual studio 2010\projects\bgi\debug\drawing.obj
c:\documents and settings\administrator\my documents\visual studio 2010\projects\bgi\debug\misc.obj
c:\documents and settings\administrator\my documents\visual studio 2010\projects\bgi\debug\mouse.obj
c:\documents and settings\administrator\my documents\visual studio 2010\projects\bgi\debug\palette.obj
c:\documents and settings\administrator\my documents\visual studio 2010\projects\bgi\debug\text.obj
c:\documents and settings\administrator\my documents\visual studio 2010\projects\bgi\debug\winbgi.obj
c:\documents and settings\administrator\my documents\visual studio 2010\projects\bgi\debug\dibutil.obj
c:\documents and settings\administrator\my documents\visual studio 2010\projects\bgi\debug\file.obj
c:\documents and settings\administrator\my documents\visual studio 2010\projects\bgi\debug\test-colors.obj
c:\documents and settings\administrator\my documents\visual studio 2010\projects\bgi\debug\main.obj
c:\documents and settings\administrator\my documents\visual studio 2010\projects\bgi\debug\bgi.ilk
c:\documents and settings\administrator\my documents\visual studio 2010\projects\bgi\debug\bgi.exe
c:\documents and settings\administrator\my documents\visual studio 2010\projects\bgi\debug\bgi.exe.intermediate.manifest
c:\documents and settings\administrator\my documents\visual studio 2010\projects\bgi\debug\bgi.pdb
q:\libraries\mca\semester 4\graphics\debug\vc141.pdb
q:\libraries\mca\semester 4\graphics\debug\vc141.idb
q:\libraries\mca\semester 4\graphics\debug\bgiout.obj
q:\libraries\mca\semester 4\graphics\debug\demo.obj
q:\libraries\mca\semester 4\graphics\debug\dibutil.obj
q:\libraries\mca\semester 4\graphics\debug\drawing.obj
q:\libraries\mca\semester 4\graphics\debug\file.obj
q:\libraries\mca\semester 4\graphics\debug\misc.obj
q:\libraries\mca\semester 4\graphics\debug\mouse.obj
q:\libraries\mca\semester 4\graphics\debug\palette.obj
q:\libraries\mca\semester 4\graphics\debug\main.obj
q:\libraries\mca\semester 4\graphics\debug\text.obj
q:\libraries\mca\semester 4\graphics\debug\winbgi.obj
q:\libraries\mca\semester 4\graphics\debug\winthread.obj
q:\libraries\mca\semester 4\graphics\debug\physics.obj
q:\libraries\mca\semester 4\graphics\debug\bgi.ilk
q:\libraries\mca\semester 4\graphics\debug\bgi.exe
q:\libraries\mca\semester 4\graphics\debug\bgi.pdb
q:\libraries\mca\semester 4\graphics\debug\bgi.obj
q:\libraries\mca\semester 4\graphics\debug\test-colors.obj
q:\libraries\mca\semester 4\graphics\debug\lnk{5127d56c-a059-4f4c-8bda-fc9bd71dcba9}.tmp
q:\libraries\mca\semester 4\graphics\debug\cl.command.1.tlog
q:\libraries\mca\semester 4\graphics\debug\cl.read.1.tlog
q:\libraries\mca\semester 4\graphics\debug\cl.write.1.tlog
q:\libraries\mca\semester 4\graphics\debug\link.command.1.tlog
q:\libraries\mca\semester 4\graphics\debug\link.read.1.tlog
q:\libraries\mca\semester 4\graphics\debug\link.write.1.tlog
q:\libraries\mca\semester 4\graphics\debug\mt.command.1.tlog
q:\libraries\mca\semester 4\graphics\debug\mt.read.1.tlog
q:\libraries\mca\semester 4\graphics\debug\mt.write.1.tlog
q:\libraries\mca\semester 4\graphics\debug\bgi.exe.intermediate.manifest
q:\libraries\mca\semester 4\graphics\debug\vc100.idb
q:\libraries\mca\semester 4\graphics\debug\vc100.pdb
q:\libraries\mca\semester 4\graphics\debug\bgi.tlog\cl.command.1.tlog
q:\libraries\mca\semester 4\graphics\debug\bgi.tlog\cl.read.1.tlog
q:\libraries\mca\semester 4\graphics\debug\bgi.tlog\cl.write.1.tlog
q:\libraries\mca\semester 4\graphics\debug\bgi.tlog\link.command.1.tlog
q:\libraries\mca\semester 4\graphics\debug\bgi.tlog\link.delete.1.tlog
q:\libraries\mca\semester 4\graphics\debug\bgi.tlog\link.read.1.tlog
q:\libraries\mca\semester 4\graphics\debug\bgi.tlog\link.write.1.tlog
