  Mandelbrot.cpp
c:\users\navon\documents\github\computer-graphics\mandelbrot.cpp(96): warning C4477: 'printf' : format string '%d' requires an argument of type 'int', but variadic argument 1 has type '_Rep'
          with
          [
              _Rep=__int64
          ]
  c:\users\navon\documents\github\computer-graphics\mandelbrot.cpp(96): note: consider using '%lld' in the format string
  c:\users\navon\documents\github\computer-graphics\mandelbrot.cpp(96): note: consider using '%I64d' in the format string
c:\users\navon\documents\github\computer-graphics\mandelbrot.cpp(80): warning C4996: 'scanf': This function or variable may be unsafe. Consider using scanf_s instead. To disable deprecation, use _CRT_SECURE_NO_WARNINGS. See online help for details.
  c:\program files (x86)\windows kits\10\include\10.0.15063.0\ucrt\stdio.h(1272): note: see declaration of 'scanf'
c:\users\navon\documents\github\computer-graphics\mandelbrot.cpp(82): warning C4996: 'scanf': This function or variable may be unsafe. Consider using scanf_s instead. To disable deprecation, use _CRT_SECURE_NO_WARNINGS. See online help for details.
  c:\program files (x86)\windows kits\10\include\10.0.15063.0\ucrt\stdio.h(1272): note: see declaration of 'scanf'
c:\users\navon\documents\github\computer-graphics\mandelbrot.cpp(130): warning C4244: 'argument': conversion from 'double' to 'const int', possible loss of data
c:\users\navon\documents\github\computer-graphics\mandelbrot.cpp(131): warning C4244: 'argument': conversion from 'double' to 'const int', possible loss of data
c:\users\navon\documents\github\computer-graphics\mandelbrot.cpp(164): warning C4244: 'argument': conversion from 'double' to 'const int', possible loss of data
c:\users\navon\documents\github\computer-graphics\mandelbrot.cpp(165): warning C4244: 'argument': conversion from 'double' to 'const int', possible loss of data
LINK : warning LNK4031: no subsystem specified; CONSOLE assumed
  Generating code
  2 of 450 functions ( 0.4%) were compiled, the rest were copied from previous compilation.
    0 functions were new in current compilation
    1 functions had inline decision re-evaluated but remain unchanged
  Finished generating code
  bgi.vcxproj -> C:\Users\navon\Documents\GitHub\Computer-Graphics\Release\bgi.exe

Project Performance Summary:
     1983 ms  C:\Users\navon\Documents\GitHub\Computer-Graphics\bgi.vcxproj   1 calls
               1983 ms  Build                                      1 calls

Target Performance Summary:
        0 ms  AfterResourceCompile                       1 calls
        0 ms  ComputeLinkSwitches                        1 calls
        0 ms  PreLinkEvent                               1 calls
        0 ms  DoLinkOutputFilesMatch                     1 calls
        0 ms  PrepareResourceNames                       1 calls
        0 ms  CreateCustomManifestResourceNames          1 calls
        0 ms  SplitResourcesByCulture                    1 calls
        0 ms  AssignTargetPaths                          1 calls
        0 ms  ComputeManifestInputsTargets               1 calls
        0 ms  ComputeCLGeneratedLinkInputs               1 calls
        0 ms  ComputeCLOutputs                           1 calls
        0 ms  ComputeCustomBuildOutput                   1 calls
        0 ms  ComputeManifestGeneratedLinkerInputs       1 calls
        0 ms  ComputeRCGeneratedLinkInputs               1 calls
        0 ms  ComputeRCOutputs                           1 calls
        0 ms  BeforeLink                                 1 calls
        0 ms  BuildLinkTraverse                          1 calls
        0 ms  BuildCompile                               1 calls
        0 ms  _BuildCompileAction                        1 calls
        0 ms  AfterBuildCompileEvent                     1 calls
        0 ms  _ResourceCompile                           1 calls
        0 ms  MakeDirsForResourceCompile                 1 calls
        0 ms  AfterLink                                  1 calls
        0 ms  BeforeResourceCompile                      1 calls
        0 ms  _Link                                      1 calls
        0 ms  _Manifest                                  1 calls
        0 ms  AfterBuild                                 1 calls
        0 ms  BuildLink                                  1 calls
        0 ms  _BuildLinkAction                           1 calls
        0 ms  PostBuildEvent                             1 calls
        0 ms  PrepareForRun                              1 calls
        0 ms  CopyFilesToOutputDirectory                 1 calls
        0 ms  _CheckForCompileOutputs                    1 calls
        0 ms  _CopySourceItemsToOutputDirectory          1 calls
        0 ms  GetCopyToOutputDirectoryItems              1 calls
        0 ms  GetCopyToOutputDirectoryXamlAppDefs        1 calls
        0 ms  _Deploy                                    1 calls
        0 ms  _Appverifier                               1 calls
        0 ms  CreateSatelliteAssemblies                  1 calls
        0 ms  _GenerateSatelliteAssemblyInputs           1 calls
        0 ms  _BscMake                                   1 calls
        0 ms  MakeDirsForBscMake                         1 calls
        0 ms  ComputeCLCompileGeneratedSbrFiles          1 calls
        0 ms  _XdcMake                                   1 calls
        0 ms  MakeDirsForXdcMake                         1 calls
        0 ms  ResolvedXDCMake                            1 calls
        0 ms  RegisterOutput                             1 calls
        0 ms  _ALink                                     1 calls
        0 ms  _ClCompile                                 1 calls
        0 ms  Build                                      1 calls
        0 ms  PrepareProjectReferences                   1 calls
        0 ms  MakeDirsForMidl                            1 calls
        0 ms  _Xsd                                       1 calls
        0 ms  ResolveProjectReferences                   1 calls
        0 ms  SetCABuildNativeEnvironmentVariables       1 calls
        0 ms  _SelectedFiles                             1 calls
        0 ms  PreBuildEvent                              1 calls
        0 ms  BeforeResolveReferences                    1 calls
        0 ms  AfterClCompile                             1 calls
        0 ms  BeforeBuildGenerateSources                 1 calls
        0 ms  BuildGenerateSourcesTraverse               1 calls
        0 ms  AssignProjectConfiguration                 1 calls
        0 ms  ResolveReferences                          1 calls
        0 ms  AfterResolveReferences                     1 calls
        0 ms  ResolveAssemblyReferences                  1 calls
        0 ms  _SplitProjectReferencesByFileExistence     1 calls
        0 ms  ComputeMIDLGeneratedCompileInputs          1 calls
        0 ms  AfterMidl                                  1 calls
        0 ms  _Midl                                      1 calls
        0 ms  _CheckWindowsSDKInstalled                  1 calls
        0 ms  CheckInstalledVCLibsIPP                    1 calls
        0 ms  SelectClCompile                            1 calls
        0 ms  GetFrameworkPaths                          1 calls
        0 ms  SelectCustomBuild                          1 calls
        0 ms  GetReferenceAssemblyPaths                  1 calls
        0 ms  FixupCLCompileOptions                      1 calls
        0 ms  _PrepareForBuild                           1 calls
        0 ms  ExpandSDKReferences                        1 calls
        0 ms  GetResolvedWinMD                           1 calls
        0 ms  ComputeCLInputPDBName                      1 calls
        0 ms  BeforeClCompile                            1 calls
        0 ms  BuildCompileTraverse                       1 calls
        0 ms  BuildGenerateSources                       1 calls
        0 ms  _BuildGenerateSourcesAction                1 calls
        0 ms  AfterBuildGenerateSourcesEvent             1 calls
        0 ms  AfterBuildGenerateSources                  1 calls
        0 ms  PlatformPrepareForBuild                    1 calls
        0 ms  ResolveSDKReferences                       1 calls
        1 ms  _CheckForInvalidConfigurationAndPlatform   1 calls
        1 ms  SetBuildDefaultEnvironmentVariables        1 calls
        1 ms  CopyFileToFolders                          1 calls
        1 ms  FinalizeBuildStatus                        1 calls
        1 ms  _PrepareForReferenceResolution             1 calls
        1 ms  ComputeLinkInputsFromProject               1 calls
        1 ms  ComputeCLCompileGeneratedXDCFiles          1 calls
        1 ms  MakeDirsForLink                            1 calls
        1 ms  ComputeLegacyManifestEmbedding             1 calls
        1 ms  MakeDirsForCl                              1 calls
        1 ms  ComputeLinkImportLibraryOutputsForClean    1 calls
        1 ms  ComputeReferenceCLInput                    1 calls
        1 ms  SetTelemetryEnvironmentVariables           1 calls
        2 ms  WarnCompileDuplicatedFilename              1 calls
        3 ms  InitializeBuildStatus                      1 calls
        3 ms  PrepareForBuild                            1 calls
        5 ms  _GetProjectReferenceTargetFrameworkProperties   1 calls
      639 ms  Link                                       1 calls
     1312 ms  ClCompile                                  1 calls

Task Performance Summary:
        0 ms  AssignProjectConfiguration                 1 calls
        0 ms  ReadLinesFromFile                          1 calls
        0 ms  AssignTargetPath                           6 calls
        0 ms  AssignCulture                              1 calls
        1 ms  GetOutOfDateItems                          1 calls
        1 ms  Delete                                     1 calls
        1 ms  MakeDir                                    9 calls
        1 ms  Message                                    3 calls
        1 ms  Touch                                      2 calls
        2 ms  SetEnv                                     8 calls
        2 ms  WriteLinesToFile                           2 calls
        4 ms  MSBuild                                    1 calls
      637 ms  Link                                       1 calls
     1309 ms  CL                                         1 calls
